0 info it worked if it ends with ok
1 verbose cli [ '/home/olivier/.nvm/versions/node/v5.6.0/bin/node',
1 verbose cli   '/home/olivier/.nvm/versions/node/v5.6.0/bin/npm',
1 verbose cli   'run',
1 verbose cli   'watch' ]
2 info using npm@3.7.3
3 info using node@v5.6.0
4 verbose stack Error: missing script: watch
4 verbose stack     at run (/home/olivier/.nvm/versions/node/v5.6.0/lib/node_modules/npm/lib/run-script.js:147:19)
4 verbose stack     at /home/olivier/.nvm/versions/node/v5.6.0/lib/node_modules/npm/lib/run-script.js:57:5
4 verbose stack     at /home/olivier/.nvm/versions/node/v5.6.0/lib/node_modules/npm/node_modules/read-package-json/read-json.js:345:5
4 verbose stack     at checkBinReferences_ (/home/olivier/.nvm/versions/node/v5.6.0/lib/node_modules/npm/node_modules/read-package-json/read-json.js:309:45)
4 verbose stack     at final (/home/olivier/.nvm/versions/node/v5.6.0/lib/node_modules/npm/node_modules/read-package-json/read-json.js:343:3)
4 verbose stack     at then (/home/olivier/.nvm/versions/node/v5.6.0/lib/node_modules/npm/node_modules/read-package-json/read-json.js:113:5)
4 verbose stack     at /home/olivier/.nvm/versions/node/v5.6.0/lib/node_modules/npm/node_modules/read-package-json/read-json.js:300:12
4 verbose stack     at /home/olivier/.nvm/versions/node/v5.6.0/lib/node_modules/npm/node_modules/graceful-fs/graceful-fs.js:78:16
4 verbose stack     at tryToString (fs.js:414:3)
4 verbose stack     at FSReqWrap.readFileAfterClose [as oncomplete] (fs.js:401:12)
5 verbose cwd /home/claroline_site/claroline/vendor/claroline/core-bundle
6 error Linux 3.19.0-51-generic
7 error argv "/home/olivier/.nvm/versions/node/v5.6.0/bin/node" "/home/olivier/.nvm/versions/node/v5.6.0/bin/npm" "run" "watch"
8 error node v5.6.0
9 error npm  v3.7.3
10 error missing script: watch
11 error If you need help, you may report this error at:
11 error     <https://github.com/npm/npm/issues>
12 verbose exit [ 1, true ]
